2023-02-01 10:34:02.554  INFO 12208 --- [main] c.s.book.HybernateSpringApplication      : Starting HybernateSpringApplication using Java 1.8.0_301 on DESKTOP-78G6PO1 with PID 12208 (F:\sts spring\hybernate-spring\target\classes started by Bhargav redla in F:\sts spring\hybernate-spring)
2023-02-01 10:34:02.564 DEBUG 12208 --- [main] c.s.book.HybernateSpringApplication      : Running with Spring Boot v2.7.8, Spring v5.3.25
2023-02-01 10:34:02.566  INFO 12208 --- [main] c.s.book.HybernateSpringApplication      : No active profile set, falling back to 1 default profile: "default"
2023-02-01 10:34:05.593  INFO 12208 --- [main] .s.d.r.c.RepositoryConfigurationDelegate : Bootstrapping Spring Data JPA repositories in DEFAULT mode.
2023-02-01 10:34:05.898  INFO 12208 --- [main] .s.d.r.c.RepositoryConfigurationDelegate : Finished Spring Data repository scanning in 254 ms. Found 1 JPA repository interfaces.
2023-02-01 10:34:08.938  INFO 12208 --- [main] o.s.b.w.embedded.tomcat.TomcatWebServer  : Tomcat initialized with port(s): 8080 (http)
2023-02-01 10:34:09.006  INFO 12208 --- [main] o.apache.catalina.core.StandardService   : Starting service [Tomcat]
2023-02-01 10:34:09.007  INFO 12208 --- [main] org.apache.catalina.core.StandardEngine  : Starting Servlet engine: [Apache Tomcat/9.0.71]
2023-02-01 10:34:10.184  INFO 12208 --- [main] o.a.c.c.C.[Tomcat].[localhost].[/]       : Initializing Spring embedded WebApplicationContext
2023-02-01 10:34:10.185  INFO 12208 --- [main] w.s.c.ServletWebServerApplicationContext : Root WebApplicationContext: initialization completed in 7393 ms
2023-02-01 10:34:11.251  INFO 12208 --- [main] com.zaxxer.hikari.HikariDataSource       : HikariPool-1 - Starting...
2023-02-01 10:34:14.441  INFO 12208 --- [main] com.zaxxer.hikari.HikariDataSource       : HikariPool-1 - Start completed.
2023-02-01 10:34:15.008  INFO 12208 --- [main] o.hibernate.jpa.internal.util.LogHelper  : HHH000204: Processing PersistenceUnitInfo [name: default]
2023-02-01 10:34:15.630  INFO 12208 --- [main] org.hibernate.Version                    : HHH000412: Hibernate ORM core version 5.6.14.Final
2023-02-01 10:34:16.976  INFO 12208 --- [main] o.hibernate.annotations.common.Version   : HCANN000001: Hibernate Commons Annotations {5.1.2.Final}
2023-02-01 10:34:17.804  INFO 12208 --- [main] org.hibernate.dialect.Dialect            : HHH000400: Using dialect: org.hibernate.dialect.MySQL8Dialect
2023-02-01 10:34:22.335  INFO 12208 --- [main] o.h.e.t.j.p.i.JtaPlatformInitiator       : HHH000490: Using JtaPlatform implementation: [org.hibernate.engine.transaction.jta.platform.internal.NoJtaPlatform]
2023-02-01 10:34:22.396  INFO 12208 --- [main] j.LocalContainerEntityManagerFactoryBean : Initialized JPA EntityManagerFactory for persistence unit 'default'
2023-02-01 10:34:31.067  WARN 12208 --- [main] JpaBaseConfiguration$JpaWebConfiguration : spring.jpa.open-in-view is enabled by default. Therefore, database queries may be performed during view rendering. Explicitly configure spring.jpa.open-in-view to disable this warning
2023-02-01 10:34:35.098  INFO 12208 --- [main] o.s.b.w.embedded.tomcat.TomcatWebServer  : Tomcat started on port(s): 8080 (http) with context path ''
2023-02-01 10:34:35.144  INFO 12208 --- [main] c.s.book.HybernateSpringApplication      : Started HybernateSpringApplication in 34.474 seconds (JVM running for 42.99)
2023-02-01 10:37:36.750  INFO 12208 --- [http-nio-8080-exec-2] o.a.c.c.C.[Tomcat].[localhost].[/]       : Initializing Spring DispatcherServlet 'dispatcherServlet'
2023-02-01 10:37:36.751  INFO 12208 --- [http-nio-8080-exec-2] o.s.web.servlet.DispatcherServlet        : Initializing Servlet 'dispatcherServlet'
2023-02-01 10:37:36.756  INFO 12208 --- [http-nio-8080-exec-2] o.s.web.servlet.DispatcherServlet        : Completed initialization in 4 ms
2023-02-01 10:37:36.980  INFO 12208 --- [http-nio-8080-exec-2] c.s.book.aspectlogging.Loggingaspect     : entered into the methodgetbyNameof theclass com.slokam.book.controller.bookcontroller
2023-02-01 10:37:37.037 TRACE 12208 --- [http-nio-8080-exec-2] c.slokam.book.controller.bookcontroller  : getbyname
2023-02-01 10:37:37.038 DEBUG 12208 --- [http-nio-8080-exec-2] c.slokam.book.controller.bookcontroller  : getbyname
2023-02-01 10:37:37.038  INFO 12208 --- [http-nio-8080-exec-2] c.slokam.book.controller.bookcontroller  : getbyname
2023-02-01 10:37:37.039  WARN 12208 --- [http-nio-8080-exec-2] c.slokam.book.controller.bookcontroller  : getbyname
2023-02-01 10:37:37.039 ERROR 12208 --- [http-nio-8080-exec-2] c.slokam.book.controller.bookcontroller  : getbyname
2023-02-01 10:37:37.881  INFO 12208 --- [http-nio-8080-exec-2] c.s.b.a.performMethoTimeAspect           : Time taken to excute the methodfindByBnameof the classclass com.sun.proxy.$Proxy116is836
2023-02-01 10:37:37.948  INFO 12208 --- [http-nio-8080-exec-2] c.s.b.a.performMethoTimeAspect           : Time taken to excute the methodgetbyNameof the classclass com.slokam.book.controller.bookcontrolleris967
2023-02-01 10:37:37.949  INFO 12208 --- [http-nio-8080-exec-2] c.s.book.aspectlogging.Loggingaspect     : exit into the methodgetbyNameof theclass com.slokam.book.controller.bookcontroller
2023-02-01 10:40:32.102  INFO 12208 --- [RMI TCP Connection(10)-127.0.0.1] inMXBeanRegistrar$SpringApplicationAdmin : Application shutdown requested.
2023-02-01 10:40:33.406  INFO 12208 --- [RMI TCP Connection(10)-127.0.0.1] o.apache.catalina.core.StandardService   : Stopping service [Tomcat]
2023-02-01 10:40:33.459  INFO 12208 --- [RMI TCP Connection(10)-127.0.0.1] o.a.c.c.C.[Tomcat].[localhost].[/]       : Destroying Spring FrameworkServlet 'dispatcherServlet'
2023-02-01 10:40:33.776  INFO 12208 --- [RMI TCP Connection(10)-127.0.0.1] j.LocalContainerEntityManagerFactoryBean : Closing JPA EntityManagerFactory for persistence unit 'default'
2023-02-01 10:40:33.832  INFO 12208 --- [RMI TCP Connection(10)-127.0.0.1] com.zaxxer.hikari.HikariDataSource       : HikariPool-1 - Shutdown initiated...
2023-02-01 10:40:34.041  INFO 12208 --- [RMI TCP Connection(10)-127.0.0.1] com.zaxxer.hikari.HikariDataSource       : HikariPool-1 - Shutdown completed.
